[0824/214325.445:ERROR:process_reader_win.cc(242)] ReadMemory at 0x13f3e0000 of 64 bytes failed: Only part of a ReadProcessMemory or WriteProcessMemory request was completed. (0x12B)
[0824/214325.922:WARNING:pe_image_reader.cc(302)] could not read dos header from C:\Program Files (x86)\Google\Chrome\Application\chrome.exe
[0824/214325.922:ERROR:process_reader_win.cc(242)] ReadMemory at 0x779b0000 of 64 bytes failed: Only part of a ReadProcessMemory or WriteProcessMemory request was completed. (0x12B)
[0824/214325.922:WARNING:pe_image_reader.cc(302)] could not read dos header from C:\Windows\SYSTEM32\ntdll.dll
[0824/214325.922:ERROR:process_reader_win.cc(242)] ReadMemory at 0x7fef53a0000 of 64 bytes failed: Only part of a ReadProcessMemory or WriteProcessMemory request was completed. (0x12B)
[0824/214325.922:WARNING:pe_image_reader.cc(302)] could not read dos header from C:\Program Files\AVAST Software\Avast\x64\aswhooka.dll
[0824/214325.922:ERROR:process_reader_win.cc(242)] ReadMemory at 0x7fef6a70000 of 64 bytes failed: Only part of a ReadProcessMemory or WriteProcessMemory request was completed. (0x12B)
[0824/214325.922:WARNING:pe_image_reader.cc(302)] could not read dos header from C:\Program Files\AVAST Software\Avast\snxhk64.dll
[0824/214325.922:ERROR:process_reader_win.cc(242)] ReadMemory at 0x77890000 of 64 bytes failed: Only part of a ReadProcessMemory or WriteProcessMemory request was completed. (0x12B)
[0824/214325.922:WARNING:pe_image_reader.cc(302)] could not read dos header from C:\Windows\system32\KERNEL32.dll
[0824/214325.938:ERROR:process_reader_win.cc(242)] ReadMemory at 0x7fefd9c0000 of 64 bytes failed: Only part of a ReadProcessMemory or WriteProcessMemory request was completed. (0x12B)
[0824/214326.047:WARNING:pe_image_reader.cc(302)] could not read dos header from C:\Windows\system32\KERNELBASE.dll
[0824/214326.047:ERROR:process_reader_win.cc(242)] ReadMemory at 0x7fef69d0000 of 64 bytes failed: Only part of a ReadProcessMemory or WriteProcessMemory request was completed. (0x12B)
[0824/214326.047:WARNING:pe_image_reader.cc(302)] could not read dos header from C:\Program Files (x86)\Google\Chrome\Application\68.0.3440.106\chrome_elf.dll
[0824/214326.047:ERROR:process_reader_win.cc(242)] ReadMemory at 0x7fefca80000 of 64 bytes failed: Only part of a ReadProcessMemory or WriteProcessMemory request was completed. (0x12B)
[0824/214326.047:WARNING:pe_image_reader.cc(302)] could not read dos header from C:\Windows\system32\VERSION.dll
[0824/214326.047:ERROR:process_reader_win.cc(242)] ReadMemory at 0x7fefe190000 of 64 bytes failed: Only part of a ReadProcessMemory or WriteProcessMemory request was completed. (0x12B)
[0824/214326.047:WARNING:pe_image_reader.cc(302)] could not read dos header from C:\Windows\system32\msvcrt.dll
[0824/214326.047:ERROR:process_reader_win.cc(242)] ReadMemory at 0x7fefe3b0000 of 64 bytes failed: Only part of a ReadProcessMemory or WriteProcessMemory request was completed. (0x12B)
[0824/214326.047:WARNING:pe_image_reader.cc(302)] could not read dos header from C:\Windows\system32\SHELL32.dll
[0824/214326.047:ERROR:process_reader_win.cc(242)] ReadMemory at 0x7feff660000 of 64 bytes failed: Only part of a ReadProcessMemory or WriteProcessMemory request was completed. (0x12B)
[0824/214326.047:WARNING:pe_image_reader.cc(302)] could not read dos header from C:\Windows\system32\SHLWAPI.dll
[0824/214326.047:ERROR:process_reader_win.cc(242)] ReadMemory at 0x7feffc20000 of 64 bytes failed: Only part of a ReadProcessMemory or WriteProcessMemory request was completed. (0x12B)
[0824/214326.047:WARNING:pe_image_reader.cc(302)] could not read dos header from C:\Windows\system32\GDI32.dll
[0824/214326.047:ERROR:process_reader_win.cc(242)] ReadMemory at 0x77790000 of 64 bytes failed: Only part of a ReadProcessMemory or WriteProcessMemory request was completed. (0x12B)
[0824/214326.047:WARNING:pe_image_reader.cc(302)] could not read dos header from C:\Windows\system32\USER32.dll
[0824/214326.047:ERROR:process_reader_win.cc(242)] ReadMemory at 0x7feffc10000 of 64 bytes failed: Only part of a ReadProcessMemory or WriteProcessMemory request was completed. (0x12B)
[0824/214326.047:WARNING:pe_image_reader.cc(302)] could not read dos header from C:\Windows\system32\LPK.dll
[0824/214326.047:ERROR:process_reader_win.cc(242)] ReadMemory at 0x7feff300000 of 64 bytes failed: Only part of a ReadProcessMemory or WriteProcessMemory request was completed. (0x12B)
[0824/214326.047:WARNING:pe_image_reader.cc(302)] could not read dos header from C:\Windows\system32\USP10.dll
[0824/214326.047:ERROR:process_reader_win.cc(242)] ReadMemory at 0x7feff140000 of 64 bytes failed: Only part of a ReadProcessMemory or WriteProcessMemory request was completed. (0x12B)
[0824/214326.047:WARNING:pe_image_reader.cc(302)] could not read dos header from C:\Windows\system32\ADVAPI32.dll
[0824/214326.047:ERROR:process_reader_win.cc(242)] ReadMemory at 0x7feff6e0000 of 64 bytes failed: Only part of a ReadProcessMemory or WriteProcessMemory request was completed. (0x12B)
[0824/214326.047:WARNING:pe_image_reader.cc(302)] could not read dos header from C:\Windows\SYSTEM32\sechost.dll
[0824/214326.047:ERROR:process_reader_win.cc(242)] ReadMemory at 0x7fefe060000 of 64 bytes failed: Only part of a ReadProcessMemory or WriteProcessMemory request was completed. (0x12B)
[0824/214326.047:WARNING:pe_image_reader.cc(302)] could not read dos header from C:\Windows\system32\RPCRT4.dll
[0824/214326.047:ERROR:process_reader_win.cc(242)] ReadMemory at 0x7fefb7f0000 of 64 bytes failed: Only part of a ReadProcessMemory or WriteProcessMemory request was completed. (0x12B)
[0824/214326.047:WARNING:pe_image_reader.cc(302)] could not read dos header from C:\Windows\system32\WINMM.dll
[0824/214326.047:ERROR:process_reader_win.cc(242)] ReadMemory at 0x7fefcc60000 of 64 bytes failed: Only part of a ReadProcessMemory or WriteProcessMemory request was completed. (0x12B)
[0824/214326.047:WARNING:pe_image_reader.cc(302)] could not read dos header from C:\Windows\system32\USERENV.dll
[0824/214326.047:ERROR:process_reader_win.cc(242)] ReadMemory at 0x7fefd910000 of 64 bytes failed: Only part of a ReadProcessMemory or WriteProcessMemory request was completed. (0x12B)
[0824/214326.047:WARNING:pe_image_reader.cc(302)] could not read dos header from C:\Windows\system32\profapi.dll
[0824/214326.047:ERROR:process_reader_win.cc(242)] ReadMemory at 0x77b80000 of 64 bytes failed: Only part of a ReadProcessMemory or WriteProcessMemory request was completed. (0x12B)
[0824/214326.047:WARNING:pe_image_reader.cc(302)] could not read dos header from C:\Windows\system32\PSAPI.DLL
[0824/214326.047:ERROR:process_reader_win.cc(242)] ReadMemory at 0x7fef9320000 of 64 bytes failed: Only part of a ReadProcessMemory or WriteProcessMemory request was completed. (0x12B)
[0824/214326.047:WARNING:pe_image_reader.cc(302)] could not read dos header from C:\Windows\system32\WINHTTP.dll
[0824/214326.047:ERROR:process_reader_win.cc(242)] ReadMemory at 0x7fef92b0000 of 64 bytes failed: Only part of a ReadProcessMemory or WriteProcessMemory request was completed. (0x12B)
[0824/214326.047:WARNING:pe_image_reader.cc(302)] could not read dos header from C:\Windows\system32\webio.dll
[0824/214326.047:ERROR:process_reader_win.cc(242)] ReadMemory at 0x7feffc90000 of 64 bytes failed: Only part of a ReadProcessMemory or WriteProcessMemory request was completed. (0x12B)
[0824/214326.047:WARNING:pe_image_reader.cc(302)] could not read dos header from C:\Windows\system32\IMM32.DLL
[0824/214326.047:ERROR:process_reader_win.cc(242)] ReadMemory at 0x7fefdd80000 of 64 bytes failed: Only part of a ReadProcessMemory or WriteProcessMemory request was completed. (0x12B)
[0824/214326.047:WARNING:pe_image_reader.cc(302)] could not read dos header from C:\Windows\system32\MSCTF.dll
[0824/214326.047:ERROR:process_reader_win.cc(242)] ReadMemory at 0x7fee0170000 of 64 bytes failed: Only part of a ReadProcessMemory or WriteProcessMemory request was completed. (0x12B)
[0824/214326.047:WARNING:pe_image_reader.cc(302)] could not read dos header from C:\Program Files (x86)\Google\Chrome\Application\68.0.3440.106\chrome_child.dll
[0824/214326.047:ERROR:process_reader_win.cc(242)] ReadMemory at 0x7feffa00000 of 64 bytes failed: Only part of a ReadProcessMemory or WriteProcessMemory request was completed. (0x12B)
[0824/214326.047:WARNING:pe_image_reader.cc(302)] could not read dos header from C:\Windows\system32\ole32.dll
[0824/214326.047:ERROR:process_reader_win.cc(242)] ReadMemory at 0x7fef6bc0000 of 64 bytes failed: Only part of a ReadProcessMemory or WriteProcessMemory request was completed. (0x12B)
[0824/214326.047:WARNING:pe_image_reader.cc(302)] could not read dos header from C:\Windows\system32\msdmo.dll
[0824/214326.047:ERROR:process_reader_win.cc(242)] ReadMemory at 0x7feff610000 of 64 bytes failed: Only part of a ReadProcessMemory or WriteProcessMemory request was completed. (0x12B)
[0824/214326.047:WARNING:pe_image_reader.cc(302)] could not read dos header from C:\Windows\system32\WS2_32.dll
[0824/214326.047:ERROR:process_reader_win.cc(242)] ReadMemory at 0x7feff420000 of 64 bytes failed: Only part of a ReadProcessMemory or WriteProcessMemory request was completed. (0x12B)
[0824/214326.047:WARNING:pe_image_reader.cc(302)] could not read dos header from C:\Windows\system32\NSI.dll
[0824/214326.047:ERROR:process_reader_win.cc(242)] ReadMemory at 0x7feff220000 of 64 bytes failed: Only part of a ReadProcessMemory or WriteProcessMemory request was completed. (0x12B)
[0824/214326.047:WARNING:pe_image_reader.cc(302)] could not read dos header from C:\Windows\system32\OLEAUT32.dll
[0824/214326.047:ERROR:process_reader_win.cc(242)] ReadMemory at 0x7fefda30000 of 64 bytes failed: Only part of a ReadProcessMemory or WriteProcessMemory request was completed. (0x12B)
[0824/214326.047:WARNING:pe_image_reader.cc(302)] could not read dos header from C:\Windows\system32\WINTRUST.dll
[0824/214326.047:ERROR:process_reader_win.cc(242)] ReadMemory at 0x7fefda90000 of 64 bytes failed: Only part of a ReadProcessMemory or WriteProcessMemory request was completed. (0x12B)
[0824/214326.047:WARNING:pe_image_reader.cc(302)] could not read dos header from C:\Windows\system32\CRYPT32.dll
[0824/214326.047:ERROR:process_reader_win.cc(242)] ReadMemory at 0x7fefd9b0000 of 64 bytes failed: Only part of a ReadProcessMemory or WriteProcessMemory request was completed. (0x12B)
[0824/214326.047:WARNING:pe_image_reader.cc(302)] could not read dos header from C:\Windows\system32\MSASN1.dll
[0824/214326.047:ERROR:process_reader_win.cc(242)] ReadMemory at 0x7fefdfc0000 of 64 bytes failed: Only part of a ReadProcessMemory or WriteProcessMemory request was completed. (0x12B)
[0824/214326.047:WARNING:pe_image_reader.cc(302)] could not read dos header from C:\Windows\system32\COMDLG32.dll
[0824/214326.047:ERROR:process_reader_win.cc(242)] ReadMemory at 0x7fefc3f0000 of 64 bytes failed: Only part of a ReadProcessMemory or WriteProcessMemory request was completed. (0x12B)
[0824/214326.047:WARNING:pe_image_reader.cc(302)] could not read dos header from C:\Windows\WinSxS\amd64_microsoft.windows.common-controls_6595b64144ccf1df_6.0.7600.16385_none_fa645303170382f6\COMCTL32.dll
[0824/214326.047:ERROR:process_reader_win.cc(242)] ReadMemory at 0x7fefae80000 of 64 bytes failed: Only part of a ReadProcessMemory or WriteProcessMemory request was completed. (0x12B)
[0824/214326.047:WARNING:pe_image_reader.cc(302)] could not read dos header from C:\Windows\system32\IPHLPAPI.DLL
[0824/214326.047:ERROR:process_reader_win.cc(242)] ReadMemory at 0x7fefae60000 of 64 bytes failed: Only part of a ReadProcessMemory or WriteProcessMemory request was completed. (0x12B)
[0824/214326.047:WARNING:pe_image_reader.cc(302)] could not read dos header from C:\Windows\system32\WINNSI.DLL
[0824/214326.047:ERROR:process_reader_win.cc(242)] ReadMemory at 0x7fee4d30000 of 64 bytes failed: Only part of a ReadProcessMemory or WriteProcessMemory request was completed. (0x12B)
[0824/214326.047:WARNING:pe_image_reader.cc(302)] could not read dos header from C:\Windows\system32\DWrite.dll
[0824/214326.047:ERROR:process_reader_win.cc(242)] ReadMemory at 0x7fef7c00000 of 64 bytes failed: Only part of a ReadProcessMemory or WriteProcessMemory request was completed. (0x12B)
[0824/214326.047:WARNING:pe_image_reader.cc(302)] could not read dos header from C:\Windows\system32\WINSPOOL.DRV
[0824/214326.047:ERROR:process_reader_win.cc(242)] ReadMemory at 0x7fef62e0000 of 64 bytes failed: Only part of a ReadProcessMemory or WriteProcessMemory request was completed. (0x12B)
[0824/214326.047:WARNING:pe_image_reader.cc(302)] could not read dos header from C:\Windows\system32\dbghelp.dll
[0824/214326.047:ERROR:process_reader_win.cc(242)] ReadMemory at 0x7fef3740000 of 64 bytes failed: Only part of a ReadProcessMemory or WriteProcessMemory request was completed. (0x12B)
[0824/214326.047:WARNING:pe_image_reader.cc(302)] could not read dos header from C:\Windows\system32\dxgi.dll
[0824/214326.047:ERROR:process_reader_win.cc(242)] ReadMemory at 0x7fefbcd0000 of 64 bytes failed: Only part of a ReadProcessMemory or WriteProcessMemory request was completed. (0x12B)
[0824/214326.047:WARNING:pe_image_reader.cc(302)] could not read dos header from C:\Windows\system32\dwmapi.dll
[0824/214326.047:ERROR:process_reader_win.cc(242)] ReadMemory at 0x7fefe230000 of 64 bytes failed: Only part of a ReadProcessMemory or WriteProcessMemory request was completed. (0x12B)
[0824/214326.047:WARNING:pe_image_reader.cc(302)] could not read dos header from C:\Windows\system32\urlmon.dll
[0824/214326.047:ERROR:process_reader_win.cc(242)] ReadMemory at 0x7feff7a0000 of 64 bytes failed: Only part of a ReadProcessMemory or WriteProcessMemory request was completed. (0x12B)
[0824/214326.047:WARNING:pe_image_reader.cc(302)] could not read dos header from C:\Windows\system32\iertutil.dll
[0824/214326.047:ERROR:process_reader_win.cc(242)] ReadMemory at 0x7fefd540000 of 64 bytes failed: Only part of a ReadProcessMemory or WriteProcessMemory request was completed. (0x12B)
[0824/214326.047:WARNING:pe_image_reader.cc(302)] could not read dos header from C:\Windows\system32\Secur32.dll
[0824/214326.047:ERROR:process_reader_win.cc(242)] ReadMemory at 0x7fefd630000 of 64 bytes failed: Only part of a ReadProcessMemory or WriteProcessMemory request was completed. (0x12B)
[0824/214326.047:WARNING:pe_image_reader.cc(302)] could not read dos header from C:\Windows\system32\SSPICLI.DLL
[0824/214326.047:ERROR:process_reader_win.cc(242)] ReadMemory at 0x7fefac70000 of 64 bytes failed: Only part of a ReadProcessMemory or WriteProcessMemory request was completed. (0x12B)
[0824/214326.047:WARNING:pe_image_reader.cc(302)] could not read dos header from C:\Windows\system32\dhcpcsvc.DLL
[0824/214326.047:ERROR:process_reader_win.cc(242)] ReadMemory at 0x7fefd840000 of 64 bytes failed: Only part of a ReadProcessMemory or WriteProcessMemory request was completed. (0x12B)
[0824/214326.047:WARNING:pe_image_reader.cc(302)] could not read dos header from C:\Windows\system32\cryptbase.dll
[0824/214326.047:ERROR:process_reader_win.cc(242)] ReadMemory at 0x13f3e0000 of 64 bytes failed: Only part of a ReadProcessMemory or WriteProcessMemory request was completed. (0x12B)
[0824/214326.047:WARNING:pe_image_reader.cc(302)] could not read dos header from C:\Program Files (x86)\Google\Chrome\Application\chrome.exe
[0824/214326.047:ERROR:process_reader_win.cc(242)] ReadMemory at 0x13f3e0000 of 64 bytes failed: Only part of a ReadProcessMemory or WriteProcessMemory request was completed. (0x12B)
[0824/214326.047:WARNING:pe_image_reader.cc(302)] could not read dos header from C:\Program Files (x86)\Google\Chrome\Application\chrome.exe
[0824/214326.047:ERROR:process_reader_win.cc(242)] ReadMemory at 0x779b0000 of 64 bytes failed: Only part of a ReadProcessMemory or WriteProcessMemory request was completed. (0x12B)
[0824/214326.047:WARNING:pe_image_reader.cc(302)] could not read dos header from C:\Windows\SYSTEM32\ntdll.dll
[0824/214326.047:ERROR:process_reader_win.cc(242)] ReadMemory at 0x779b0000 of 64 bytes failed: Only part of a ReadProcessMemory or WriteProcessMemory request was completed. (0x12B)
[0824/214326.047:WARNING:pe_image_reader.cc(302)] could not read dos header from C:\Windows\SYSTEM32\ntdll.dll
[0824/214326.047:ERROR:process_reader_win.cc(242)] ReadMemory at 0x7fef53a0000 of 64 bytes failed: Only part of a ReadProcessMemory or WriteProcessMemory request was completed. (0x12B)
[0824/214326.109:WARNING:pe_image_reader.cc(302)] could not read dos header from C:\Program Files\AVAST Software\Avast\x64\aswhooka.dll
[0824/214326.109:ERROR:process_reader_win.cc(242)] ReadMemory at 0x7fef53a0000 of 64 bytes failed: Only part of a ReadProcessMemory or WriteProcessMemory request was completed. (0x12B)
[0824/214326.109:WARNING:pe_image_reader.cc(302)] could not read dos header from C:\Program Files\AVAST Software\Avast\x64\aswhooka.dll
[0824/214326.109:ERROR:process_reader_win.cc(242)] ReadMemory at 0x7fef6a70000 of 64 bytes failed: Only part of a ReadProcessMemory or WriteProcessMemory request was completed. (0x12B)
[0824/214326.109:WARNING:pe_image_reader.cc(302)] could not read dos header from C:\Program Files\AVAST Software\Avast\snxhk64.dll
[0824/214326.109:ERROR:process_reader_win.cc(242)] ReadMemory at 0x7fef6a70000 of 64 bytes failed: Only part of a ReadProcessMemory or WriteProcessMemory request was completed. (0x12B)
[0824/214326.109:WARNING:pe_image_reader.cc(302)] could not read dos header from C:\Program Files\AVAST Software\Avast\snxhk64.dll
[0824/214326.109:ERROR:process_reader_win.cc(242)] ReadMemory at 0x77890000 of 64 bytes failed: Only part of a ReadProcessMemory or WriteProcessMemory request was completed. (0x12B)
[0824/214326.109:WARNING:pe_image_reader.cc(302)] could not read dos header from C:\Windows\system32\KERNEL32.dll
[0824/214326.109:ERROR:process_reader_win.cc(242)] ReadMemory at 0x77890000 of 64 bytes failed: Only part of a ReadProcessMemory or WriteProcessMemory request was completed. (0x12B)
[0824/214326.109:WARNING:pe_image_reader.cc(302)] could not read dos header from C:\Windows\system32\KERNEL32.dll
[0824/214326.109:ERROR:process_reader_win.cc(242)] ReadMemory at 0x7fefd9c0000 of 64 bytes failed: Only part of a ReadProcessMemory or WriteProcessMemory request was completed. (0x12B)
[0824/214326.109:WARNING:pe_image_reader.cc(302)] could not read dos header from C:\Windows\system32\KERNELBASE.dll
[0824/214326.109:ERROR:process_reader_win.cc(242)] ReadMemory at 0x7fefd9c0000 of 64 bytes failed: Only part of a ReadProcessMemory or WriteProcessMemory request was completed. (0x12B)
[0824/214326.109:WARNING:pe_image_reader.cc(302)] could not read dos header from C:\Windows\system32\KERNELBASE.dll
[0824/214326.109:ERROR:process_reader_win.cc(242)] ReadMemory at 0x7fef69d0000 of 64 bytes failed: Only part of a ReadProcessMemory or WriteProcessMemory request was completed. (0x12B)
[0824/214326.109:WARNING:pe_image_reader.cc(302)] could not read dos header from C:\Program Files (x86)\Google\Chrome\Application\68.0.3440.106\chrome_elf.dll
[0824/214326.109:ERROR:process_reader_win.cc(242)] ReadMemory at 0x7fef69d0000 of 64 bytes failed: Only part of a ReadProcessMemory or WriteProcessMemory request was completed. (0x12B)
[0824/214326.109:WARNING:pe_image_reader.cc(302)] could not read dos header from C:\Program Files (x86)\Google\Chrome\Application\68.0.3440.106\chrome_elf.dll
[0824/214326.109:ERROR:process_reader_win.cc(242)] ReadMemory at 0x7fefca80000 of 64 bytes failed: Only part of a ReadProcessMemory or WriteProcessMemory request was completed. (0x12B)
[0824/214326.109:WARNING:pe_image_reader.cc(302)] could not read dos header from C:\Windows\system32\VERSION.dll
[0824/214326.109:ERROR:process_reader_win.cc(242)] ReadMemory at 0x7fefca80000 of 64 bytes failed: Only part of a ReadProcessMemory or WriteProcessMemory request was completed. (0x12B)
[0824/214326.109:WARNING:pe_image_reader.cc(302)] could not read dos header from C:\Windows\system32\VERSION.dll
[0824/214326.109:ERROR:process_reader_win.cc(242)] ReadMemory at 0x7fefe190000 of 64 bytes failed: Only part of a ReadProcessMemory or WriteProcessMemory request was completed. (0x12B)
[0824/214326.109:WARNING:pe_image_reader.cc(302)] could not read dos header from C:\Windows\system32\msvcrt.dll
[0824/214326.109:ERROR:process_reader_win.cc(242)] ReadMemory at 0x7fefe190000 of 64 bytes failed: Only part of a ReadProcessMemory or WriteProcessMemory request was completed. (0x12B)
[0824/214326.109:WARNING:pe_image_reader.cc(302)] could not read dos header from C:\Windows\system32\msvcrt.dll
[0824/214326.109:ERROR:process_reader_win.cc(242)] ReadMemory at 0x7fefe3b0000 of 64 bytes failed: Only part of a ReadProcessMemory or WriteProcessMemory request was completed. (0x12B)
[0824/214326.109:WARNING:pe_image_reader.cc(302)] could not read dos header from C:\Windows\system32\SHELL32.dll
[0824/214326.109:ERROR:process_reader_win.cc(242)] ReadMemory at 0x7fefe3b0000 of 64 bytes failed: Only part of a ReadProcessMemory or WriteProcessMemory request was completed. (0x12B)
[0824/214326.109:WARNING:pe_image_reader.cc(302)] could not read dos header from C:\Windows\system32\SHELL32.dll
[0824/214326.109:ERROR:process_reader_win.cc(242)] ReadMemory at 0x7feff660000 of 64 bytes failed: Only part of a ReadProcessMemory or WriteProcessMemory request was completed. (0x12B)
[0824/214326.109:WARNING:pe_image_reader.cc(302)] could not read dos header from C:\Windows\system32\SHLWAPI.dll
[0824/214326.109:ERROR:process_reader_win.cc(242)] ReadMemory at 0x7feff660000 of 64 bytes failed: Only part of a ReadProcessMemory or WriteProcessMemory request was completed. (0x12B)
[0824/214326.109:WARNING:pe_image_reader.cc(302)] could not read dos header from C:\Windows\system32\SHLWAPI.dll
[0824/214326.109:ERROR:process_reader_win.cc(242)] ReadMemory at 0x7feffc20000 of 64 bytes failed: Only part of a ReadProcessMemory or WriteProcessMemory request was completed. (0x12B)
[0824/214326.109:WARNING:pe_image_reader.cc(302)] could not read dos header from C:\Windows\system32\GDI32.dll
[0824/214326.109:ERROR:process_reader_win.cc(242)] ReadMemory at 0x7feffc20000 of 64 bytes failed: Only part of a ReadProcessMemory or WriteProcessMemory request was completed. (0x12B)
[0824/214326.109:WARNING:pe_image_reader.cc(302)] could not read dos header from C:\Windows\system32\GDI32.dll
[0824/214326.109:ERROR:process_reader_win.cc(242)] ReadMemory at 0x77790000 of 64 bytes failed: Only part of a ReadProcessMemory or WriteProcessMemory request was completed. (0x12B)
[0824/214326.109:WARNING:pe_image_reader.cc(302)] could not read dos header from C:\Windows\system32\USER32.dll
[0824/214326.109:ERROR:process_reader_win.cc(242)] ReadMemory at 0x77790000 of 64 bytes failed: Only part of a ReadProcessMemory or WriteProcessMemory request was completed. (0x12B)
[0824/214326.109:WARNING:pe_image_reader.cc(302)] could not read dos header from C:\Windows\system32\USER32.dll
[0824/214326.109:ERROR:process_reader_win.cc(242)] ReadMemory at 0x7feffc10000 of 64 bytes failed: Only part of a ReadProcessMemory or WriteProcessMemory request was completed. (0x12B)
[0824/214326.109:WARNING:pe_image_reader.cc(302)] could not read dos header from C:\Windows\system32\LPK.dll
[0824/214326.109:ERROR:process_reader_win.cc(242)] ReadMemory at 0x7feffc10000 of 64 bytes failed: Only part of a ReadProcessMemory or WriteProcessMemory request was completed. (0x12B)
[0824/214326.109:WARNING:pe_image_reader.cc(302)] could not read dos header from C:\Windows\system32\LPK.dll
[0824/214326.109:ERROR:process_reader_win.cc(242)] ReadMemory at 0x7feff300000 of 64 bytes failed: Only part of a ReadProcessMemory or WriteProcessMemory request was completed. (0x12B)
[0824/214326.109:WARNING:pe_image_reader.cc(302)] could not read dos header from C:\Windows\system32\USP10.dll
[0824/214326.109:ERROR:process_reader_win.cc(242)] ReadMemory at 0x7feff300000 of 64 bytes failed: Only part of a ReadProcessMemory or WriteProcessMemory request was completed. (0x12B)
[0824/214326.109:WARNING:pe_image_reader.cc(302)] could not read dos header from C:\Windows\system32\USP10.dll
[0824/214326.109:ERROR:process_reader_win.cc(242)] ReadMemory at 0x7feff140000 of 64 bytes failed: Only part of a ReadProcessMemory or WriteProcessMemory request was completed. (0x12B)
[0824/214326.109:WARNING:pe_image_reader.cc(302)] could not read dos header from C:\Windows\system32\ADVAPI32.dll
[0824/214326.109:ERROR:process_reader_win.cc(242)] ReadMemory at 0x7feff140000 of 64 bytes failed: Only part of a ReadProcessMemory or WriteProcessMemory request was completed. (0x12B)
[0824/214326.109:WARNING:pe_image_reader.cc(302)] could not read dos header from C:\Windows\system32\ADVAPI32.dll
[0824/214326.109:ERROR:process_reader_win.cc(242)] ReadMemory at 0x7feff6e0000 of 64 bytes failed: Only part of a ReadProcessMemory or WriteProcessMemory request was completed. (0x12B)
[0824/214326.109:WARNING:pe_image_reader.cc(302)] could not read dos header from C:\Windows\SYSTEM32\sechost.dll
[0824/214326.109:ERROR:process_reader_win.cc(242)] ReadMemory at 0x7feff6e0000 of 64 bytes failed: Only part of a ReadProcessMemory or WriteProcessMemory request was completed. (0x12B)
[0824/214326.109:WARNING:pe_image_reader.cc(302)] could not read dos header from C:\Windows\SYSTEM32\sechost.dll
[0824/214326.109:ERROR:process_reader_win.cc(242)] ReadMemory at 0x7fefe060000 of 64 bytes failed: Only part of a ReadProcessMemory or WriteProcessMemory request was completed. (0x12B)
[0824/214326.109:WARNING:pe_image_reader.cc(302)] could not read dos header from C:\Windows\system32\RPCRT4.dll
[0824/214326.109:ERROR:process_reader_win.cc(242)] ReadMemory at 0x7fefe060000 of 64 bytes failed: Only part of a ReadProcessMemory or WriteProcessMemory request was completed. (0x12B)
[0824/214326.109:WARNING:pe_image_reader.cc(302)] could not read dos header from C:\Windows\system32\RPCRT4.dll
[0824/214326.109:ERROR:process_reader_win.cc(242)] ReadMemory at 0x7fefb7f0000 of 64 bytes failed: Only part of a ReadProcessMemory or WriteProcessMemory request was completed. (0x12B)
[0824/214326.109:WARNING:pe_image_reader.cc(302)] could not read dos header from C:\Windows\system32\WINMM.dll
[0824/214326.109:ERROR:process_reader_win.cc(242)] ReadMemory at 0x7fefb7f0000 of 64 bytes failed: Only part of a ReadProcessMemory or WriteProcessMemory request was completed. (0x12B)
[0824/214326.109:WARNING:pe_image_reader.cc(302)] could not read dos header from C:\Windows\system32\WINMM.dll
[0824/214326.109:ERROR:process_reader_win.cc(242)] ReadMemory at 0x7fefcc60000 of 64 bytes failed: Only part of a ReadProcessMemory or WriteProcessMemory request was completed. (0x12B)
[0824/214326.109:WARNING:pe_image_reader.cc(302)] could not read dos header from C:\Windows\system32\USERENV.dll
[0824/214326.109:ERROR:process_reader_win.cc(242)] ReadMemory at 0x7fefcc60000 of 64 bytes failed: Only part of a ReadProcessMemory or WriteProcessMemory request was completed. (0x12B)
[0824/214326.109:WARNING:pe_image_reader.cc(302)] could not read dos header from C:\Windows\system32\USERENV.dll
[0824/214326.109:ERROR:process_reader_win.cc(242)] ReadMemory at 0x7fefd910000 of 64 bytes failed: Only part of a ReadProcessMemory or WriteProcessMemory request was completed. (0x12B)
[0824/214326.109:WARNING:pe_image_reader.cc(302)] could not read dos header from C:\Windows\system32\profapi.dll
[0824/214326.109:ERROR:process_reader_win.cc(242)] ReadMemory at 0x7fefd910000 of 64 bytes failed: Only part of a ReadProcessMemory or WriteProcessMemory request was completed. (0x12B)
[0824/214326.109:WARNING:pe_image_reader.cc(302)] could not read dos header from C:\Windows\system32\profapi.dll
[0824/214326.109:ERROR:process_reader_win.cc(242)] ReadMemory at 0x77b80000 of 64 bytes failed: Only part of a ReadProcessMemory or WriteProcessMemory request was completed. (0x12B)
[0824/214326.109:WARNING:pe_image_reader.cc(302)] could not read dos header from C:\Windows\system32\PSAPI.DLL
[0824/214326.109:ERROR:process_reader_win.cc(242)] ReadMemory at 0x77b80000 of 64 bytes failed: Only part of a ReadProcessMemory or WriteProcessMemory request was completed. (0x12B)
[0824/214326.109:WARNING:pe_image_reader.cc(302)] could not read dos header from C:\Windows\system32\PSAPI.DLL
[0824/214326.109:ERROR:process_reader_win.cc(242)] ReadMemory at 0x7fef9320000 of 64 bytes failed: Only part of a ReadProcessMemory or WriteProcessMemory request was completed. (0x12B)
[0824/214326.109:WARNING:pe_image_reader.cc(302)] could not read dos header from C:\Windows\system32\WINHTTP.dll
[0824/214326.109:ERROR:process_reader_win.cc(242)] ReadMemory at 0x7fef9320000 of 64 bytes failed: Only part of a ReadProcessMemory or WriteProcessMemory request was completed. (0x12B)
[0824/214326.109:WARNING:pe_image_reader.cc(302)] could not read dos header from C:\Windows\system32\WINHTTP.dll
[0824/214326.109:ERROR:process_reader_win.cc(242)] ReadMemory at 0x7fef92b0000 of 64 bytes failed: Only part of a ReadProcessMemory or WriteProcessMemory request was completed. (0x12B)
[0824/214326.109:WARNING:pe_image_reader.cc(302)] could not read dos header from C:\Windows\system32\webio.dll
[0824/214326.109:ERROR:process_reader_win.cc(242)] ReadMemory at 0x7fef92b0000 of 64 bytes failed: Only part of a ReadProcessMemory or WriteProcessMemory request was completed. (0x12B)
[0824/214326.109:WARNING:pe_image_reader.cc(302)] could not read dos header from C:\Windows\system32\webio.dll
[0824/214326.109:ERROR:process_reader_win.cc(242)] ReadMemory at 0x7feffc90000 of 64 bytes failed: Only part of a ReadProcessMemory or WriteProcessMemory request was completed. (0x12B)
[0824/214326.109:WARNING:pe_image_reader.cc(302)] could not read dos header from C:\Windows\system32\IMM32.DLL
[0824/214326.109:ERROR:process_reader_win.cc(242)] ReadMemory at 0x7feffc90000 of 64 bytes failed: Only part of a ReadProcessMemory or WriteProcessMemory request was completed. (0x12B)
[0824/214326.109:WARNING:pe_image_reader.cc(302)] could not read dos header from C:\Windows\system32\IMM32.DLL
[0824/214326.109:ERROR:process_reader_win.cc(242)] ReadMemory at 0x7fefdd80000 of 64 bytes failed: Only part of a ReadProcessMemory or WriteProcessMemory request was completed. (0x12B)
[0824/214326.109:WARNING:pe_image_reader.cc(302)] could not read dos header from C:\Windows\system32\MSCTF.dll
[0824/214326.109:ERROR:process_reader_win.cc(242)] ReadMemory at 0x7fefdd80000 of 64 bytes failed: Only part of a ReadProcessMemory or WriteProcessMemory request was completed. (0x12B)
[0824/214326.109:WARNING:pe_image_reader.cc(302)] could not read dos header from C:\Windows\system32\MSCTF.dll
[0824/214326.109:ERROR:process_reader_win.cc(242)] ReadMemory at 0x7fee0170000 of 64 bytes failed: Only part of a ReadProcessMemory or WriteProcessMemory request was completed. (0x12B)
[0824/214326.109:WARNING:pe_image_reader.cc(302)] could not read dos header from C:\Program Files (x86)\Google\Chrome\Application\68.0.3440.106\chrome_child.dll
[0824/214326.109:ERROR:process_reader_win.cc(242)] ReadMemory at 0x7fee0170000 of 64 bytes failed: Only part of a ReadProcessMemory or WriteProcessMemory request was completed. (0x12B)
[0824/214326.109:WARNING:pe_image_reader.cc(302)] could not read dos header from C:\Program Files (x86)\Google\Chrome\Application\68.0.3440.106\chrome_child.dll
[0824/214326.109:ERROR:process_reader_win.cc(242)] ReadMemory at 0x7feffa00000 of 64 bytes failed: Only part of a ReadProcessMemory or WriteProcessMemory request was completed. (0x12B)
[0824/214326.109:WARNING:pe_image_reader.cc(302)] could not read dos header from C:\Windows\system32\ole32.dll
[0824/214326.109:ERROR:process_reader_win.cc(242)] ReadMemory at 0x7feffa00000 of 64 bytes failed: Only part of a ReadProcessMemory or WriteProcessMemory request was completed. (0x12B)
[0824/214326.109:WARNING:pe_image_reader.cc(302)] could not read dos header from C:\Windows\system32\ole32.dll
[0824/214326.109:ERROR:process_reader_win.cc(242)] ReadMemory at 0x7fef6bc0000 of 64 bytes failed: Only part of a ReadProcessMemory or WriteProcessMemory request was completed. (0x12B)
[0824/214326.109:WARNING:pe_image_reader.cc(302)] could not read dos header from C:\Windows\system32\msdmo.dll
[0824/214326.109:ERROR:process_reader_win.cc(242)] ReadMemory at 0x7fef6bc0000 of 64 bytes failed: Only part of a ReadProcessMemory or WriteProcessMemory request was completed. (0x12B)
[0824/214326.109:WARNING:pe_image_reader.cc(302)] could not read dos header from C:\Windows\system32\msdmo.dll
[0824/214326.109:ERROR:process_reader_win.cc(242)] ReadMemory at 0x7feff610000 of 64 bytes failed: Only part of a ReadProcessMemory or WriteProcessMemory request was completed. (0x12B)
[0824/214326.109:WARNING:pe_image_reader.cc(302)] could not read dos header from C:\Windows\system32\WS2_32.dll
[0824/214326.109:ERROR:process_reader_win.cc(242)] ReadMemory at 0x7feff610000 of 64 bytes failed: Only part of a ReadProcessMemory or WriteProcessMemory request was completed. (0x12B)
[0824/214326.109:WARNING:pe_image_reader.cc(302)] could not read dos header from C:\Windows\system32\WS2_32.dll
[0824/214326.109:ERROR:process_reader_win.cc(242)] ReadMemory at 0x7feff420000 of 64 bytes failed: Only part of a ReadProcessMemory or WriteProcessMemory request was completed. (0x12B)
[0824/214326.109:WARNING:pe_image_reader.cc(302)] could not read dos header from C:\Windows\system32\NSI.dll
[0824/214326.109:ERROR:process_reader_win.cc(242)] ReadMemory at 0x7feff420000 of 64 bytes failed: Only part of a ReadProcessMemory or WriteProcessMemory request was completed. (0x12B)
[0824/214326.109:WARNING:pe_image_reader.cc(302)] could not read dos header from C:\Windows\system32\NSI.dll
[0824/214326.109:ERROR:process_reader_win.cc(242)] ReadMemory at 0x7feff220000 of 64 bytes failed: Only part of a ReadProcessMemory or WriteProcessMemory request was completed. (0x12B)
[0824/214326.109:WARNING:pe_image_reader.cc(302)] could not read dos header from C:\Windows\system32\OLEAUT32.dll
[0824/214326.109:ERROR:process_reader_win.cc(242)] ReadMemory at 0x7feff220000 of 64 bytes failed: Only part of a ReadProcessMemory or WriteProcessMemory request was completed. (0x12B)
[0824/214326.109:WARNING:pe_image_reader.cc(302)] could not read dos header from C:\Windows\system32\OLEAUT32.dll
[0824/214326.109:ERROR:process_reader_win.cc(242)] ReadMemory at 0x7fefda30000 of 64 bytes failed: Only part of a ReadProcessMemory or WriteProcessMemory request was completed. (0x12B)
[0824/214326.109:WARNING:pe_image_reader.cc(302)] could not read dos header from C:\Windows\system32\WINTRUST.dll
[0824/214326.109:ERROR:process_reader_win.cc(242)] ReadMemory at 0x7fefda30000 of 64 bytes failed: Only part of a ReadProcessMemory or WriteProcessMemory request was completed. (0x12B)
[0824/214326.109:WARNING:pe_image_reader.cc(302)] could not read dos header from C:\Windows\system32\WINTRUST.dll
[0824/214326.109:ERROR:process_reader_win.cc(242)] ReadMemory at 0x7fefda90000 of 64 bytes failed: Only part of a ReadProcessMemory or WriteProcessMemory request was completed. (0x12B)
[0824/214326.109:WARNING:pe_image_reader.cc(302)] could not read dos header from C:\Windows\system32\CRYPT32.dll
[0824/214326.109:ERROR:process_reader_win.cc(242)] ReadMemory at 0x7fefda90000 of 64 bytes failed: Only part of a ReadProcessMemory or WriteProcessMemory request was completed. (0x12B)
[0824/214326.109:WARNING:pe_image_reader.cc(302)] could not read dos header from C:\Windows\system32\CRYPT32.dll
[0824/214326.109:ERROR:process_reader_win.cc(242)] ReadMemory at 0x7fefd9b0000 of 64 bytes failed: Only part of a ReadProcessMemory or WriteProcessMemory request was completed. (0x12B)
[0824/214326.109:WARNING:pe_image_reader.cc(302)] could not read dos header from C:\Windows\system32\MSASN1.dll
[0824/214326.109:ERROR:process_reader_win.cc(242)] ReadMemory at 0x7fefd9b0000 of 64 bytes failed: Only part of a ReadProcessMemory or WriteProcessMemory request was completed. (0x12B)
[0824/214326.109:WARNING:pe_image_reader.cc(302)] could not read dos header from C:\Windows\system32\MSASN1.dll
[0824/214326.109:ERROR:process_reader_win.cc(242)] ReadMemory at 0x7fefdfc0000 of 64 bytes failed: Only part of a ReadProcessMemory or WriteProcessMemory request was completed. (0x12B)
[0824/214326.109:WARNING:pe_image_reader.cc(302)] could not read dos header from C:\Windows\system32\COMDLG32.dll
[0824/214326.109:ERROR:process_reader_win.cc(242)] ReadMemory at 0x7fefdfc0000 of 64 bytes failed: Only part of a ReadProcessMemory or WriteProcessMemory request was completed. (0x12B)
[0824/214326.109:WARNING:pe_image_reader.cc(302)] could not read dos header from C:\Windows\system32\COMDLG32.dll
[0824/214326.109:ERROR:process_reader_win.cc(242)] ReadMemory at 0x7fefc3f0000 of 64 bytes failed: Only part of a ReadProcessMemory or WriteProcessMemory request was completed. (0x12B)
[0824/214326.109:WARNING:pe_image_reader.cc(302)] could not read dos header from C:\Windows\WinSxS\amd64_microsoft.windows.common-controls_6595b64144ccf1df_6.0.7600.16385_none_fa645303170382f6\COMCTL32.dll
[0824/214326.109:ERROR:process_reader_win.cc(242)] ReadMemory at 0x7fefc3f0000 of 64 bytes failed: Only part of a ReadProcessMemory or WriteProcessMemory request was completed. (0x12B)
[0824/214326.109:WARNING:pe_image_reader.cc(302)] could not read dos header from C:\Windows\WinSxS\amd64_microsoft.windows.common-controls_6595b64144ccf1df_6.0.7600.16385_none_fa645303170382f6\COMCTL32.dll
[0824/214326.109:ERROR:process_reader_win.cc(242)] ReadMemory at 0x7fefae80000 of 64 bytes failed: Only part of a ReadProcessMemory or WriteProcessMemory request was completed. (0x12B)
[0824/214326.109:WARNING:pe_image_reader.cc(302)] could not read dos header from C:\Windows\system32\IPHLPAPI.DLL
[0824/214326.109:ERROR:process_reader_win.cc(242)] ReadMemory at 0x7fefae80000 of 64 bytes failed: Only part of a ReadProcessMemory or WriteProcessMemory request was completed. (0x12B)
[0824/214326.109:WARNING:pe_image_reader.cc(302)] could not read dos header from C:\Windows\system32\IPHLPAPI.DLL
[0824/214326.109:ERROR:process_reader_win.cc(242)] ReadMemory at 0x7fefae60000 of 64 bytes failed: Only part of a ReadProcessMemory or WriteProcessMemory request was completed. (0x12B)
[0824/214326.109:WARNING:pe_image_reader.cc(302)] could not read dos header from C:\Windows\system32\WINNSI.DLL
[0824/214326.109:ERROR:process_reader_win.cc(242)] ReadMemory at 0x7fefae60000 of 64 bytes failed: Only part of a ReadProcessMemory or WriteProcessMemory request was completed. (0x12B)
[0824/214326.109:WARNING:pe_image_reader.cc(302)] could not read dos header from C:\Windows\system32\WINNSI.DLL
[0824/214326.109:ERROR:process_reader_win.cc(242)] ReadMemory at 0x7fee4d30000 of 64 bytes failed: Only part of a ReadProcessMemory or WriteProcessMemory request was completed. (0x12B)
[0824/214326.109:WARNING:pe_image_reader.cc(302)] could not read dos header from C:\Windows\system32\DWrite.dll
[0824/214326.109:ERROR:process_reader_win.cc(242)] ReadMemory at 0x7fee4d30000 of 64 bytes failed: Only part of a ReadProcessMemory or WriteProcessMemory request was completed. (0x12B)
[0824/214326.109:WARNING:pe_image_reader.cc(302)] could not read dos header from C:\Windows\system32\DWrite.dll
[0824/214326.109:ERROR:process_reader_win.cc(242)] ReadMemory at 0x7fef7c00000 of 64 bytes failed: Only part of a ReadProcessMemory or WriteProcessMemory request was completed. (0x12B)
[0824/214326.109:WARNING:pe_image_reader.cc(302)] could not read dos header from C:\Windows\system32\WINSPOOL.DRV
[0824/214326.109:ERROR:process_reader_win.cc(242)] ReadMemory at 0x7fef7c00000 of 64 bytes failed: Only part of a ReadProcessMemory or WriteProcessMemory request was completed. (0x12B)
[0824/214326.109:WARNING:pe_image_reader.cc(302)] could not read dos header from C:\Windows\system32\WINSPOOL.DRV
[0824/214326.109:ERROR:process_reader_win.cc(242)] ReadMemory at 0x7fef62e0000 of 64 bytes failed: Only part of a ReadProcessMemory or WriteProcessMemory request was completed. (0x12B)
[0824/214326.109:WARNING:pe_image_reader.cc(302)] could not read dos header from C:\Windows\system32\dbghelp.dll
[0824/214326.109:ERROR:process_reader_win.cc(242)] ReadMemory at 0x7fef62e0000 of 64 bytes failed: Only part of a ReadProcessMemory or WriteProcessMemory request was completed. (0x12B)
[0824/214326.109:WARNING:pe_image_reader.cc(302)] could not read dos header from C:\Windows\system32\dbghelp.dll
[0824/214326.109:ERROR:process_reader_win.cc(242)] ReadMemory at 0x7fef3740000 of 64 bytes failed: Only part of a ReadProcessMemory or WriteProcessMemory request was completed. (0x12B)
[0824/214326.109:WARNING:pe_image_reader.cc(302)] could not read dos header from C:\Windows\system32\dxgi.dll
[0824/214326.109:ERROR:process_reader_win.cc(242)] ReadMemory at 0x7fef3740000 of 64 bytes failed: Only part of a ReadProcessMemory or WriteProcessMemory request was completed. (0x12B)
[0824/214326.109:WARNING:pe_image_reader.cc(302)] could not read dos header from C:\Windows\system32\dxgi.dll
[0824/214326.125:ERROR:process_reader_win.cc(242)] ReadMemory at 0x7fefbcd0000 of 64 bytes failed: Only part of a ReadProcessMemory or WriteProcessMemory request was completed. (0x12B)
[0824/214326.125:WARNING:pe_image_reader.cc(302)] could not read dos header from C:\Windows\system32\dwmapi.dll
[0824/214326.125:ERROR:process_reader_win.cc(242)] ReadMemory at 0x7fefbcd0000 of 64 bytes failed: Only part of a ReadProcessMemory or WriteProcessMemory request was completed. (0x12B)
[0824/214326.125:WARNING:pe_image_reader.cc(302)] could not read dos header from C:\Windows\system32\dwmapi.dll
[0824/214326.125:ERROR:process_reader_win.cc(242)] ReadMemory at 0x7fefe230000 of 64 bytes failed: Only part of a ReadProcessMemory or WriteProcessMemory request was completed. (0x12B)
[0824/214326.125:WARNING:pe_image_reader.cc(302)] could not read dos header from C:\Windows\system32\urlmon.dll
[0824/214326.125:ERROR:process_reader_win.cc(242)] ReadMemory at 0x7fefe230000 of 64 bytes failed: Only part of a ReadProcessMemory or WriteProcessMemory request was completed. (0x12B)
[0824/214326.125:WARNING:pe_image_reader.cc(302)] could not read dos header from C:\Windows\system32\urlmon.dll
[0824/214326.125:ERROR:process_reader_win.cc(242)] ReadMemory at 0x7feff7a0000 of 64 bytes failed: Only part of a ReadProcessMemory or WriteProcessMemory request was completed. (0x12B)
[0824/214326.125:WARNING:pe_image_reader.cc(302)] could not read dos header from C:\Windows\system32\iertutil.dll
[0824/214326.125:ERROR:process_reader_win.cc(242)] ReadMemory at 0x7feff7a0000 of 64 bytes failed: Only part of a ReadProcessMemory or WriteProcessMemory request was completed. (0x12B)
[0824/214326.125:WARNING:pe_image_reader.cc(302)] could not read dos header from C:\Windows\system32\iertutil.dll
[0824/214326.125:ERROR:process_reader_win.cc(242)] ReadMemory at 0x7fefd540000 of 64 bytes failed: Only part of a ReadProcessMemory or WriteProcessMemory request was completed. (0x12B)
[0824/214326.125:WARNING:pe_image_reader.cc(302)] could not read dos header from C:\Windows\system32\Secur32.dll
[0824/214326.125:ERROR:process_reader_win.cc(242)] ReadMemory at 0x7fefd540000 of 64 bytes failed: Only part of a ReadProcessMemory or WriteProcessMemory request was completed. (0x12B)
[0824/214326.125:WARNING:pe_image_reader.cc(302)] could not read dos header from C:\Windows\system32\Secur32.dll
[0824/214326.125:ERROR:process_reader_win.cc(242)] ReadMemory at 0x7fefd630000 of 64 bytes failed: Only part of a ReadProcessMemory or WriteProcessMemory request was completed. (0x12B)
[0824/214326.125:WARNING:pe_image_reader.cc(302)] could not read dos header from C:\Windows\system32\SSPICLI.DLL
[0824/214326.125:ERROR:process_reader_win.cc(242)] ReadMemory at 0x7fefd630000 of 64 bytes failed: Only part of a ReadProcessMemory or WriteProcessMemory request was completed. (0x12B)
[0824/214326.125:WARNING:pe_image_reader.cc(302)] could not read dos header from C:\Windows\system32\SSPICLI.DLL
[0824/214326.125:ERROR:process_reader_win.cc(242)] ReadMemory at 0x7fefac70000 of 64 bytes failed: Only part of a ReadProcessMemory or WriteProcessMemory request was completed. (0x12B)
[0824/214326.125:WARNING:pe_image_reader.cc(302)] could not read dos header from C:\Windows\system32\dhcpcsvc.DLL
[0824/214326.125:ERROR:process_reader_win.cc(242)] ReadMemory at 0x7fefac70000 of 64 bytes failed: Only part of a ReadProcessMemory or WriteProcessMemory request was completed. (0x12B)
[0824/214326.125:WARNING:pe_image_reader.cc(302)] could not read dos header from C:\Windows\system32\dhcpcsvc.DLL
[0824/214326.125:ERROR:process_reader_win.cc(242)] ReadMemory at 0x7fefd840000 of 64 bytes failed: Only part of a ReadProcessMemory or WriteProcessMemory request was completed. (0x12B)
[0824/214326.125:WARNING:pe_image_reader.cc(302)] could not read dos header from C:\Windows\system32\cryptbase.dll
[0824/214326.125:ERROR:process_reader_win.cc(242)] ReadMemory at 0x7fefd840000 of 64 bytes failed: Only part of a ReadProcessMemory or WriteProcessMemory request was completed. (0x12B)
[0824/214326.125:WARNING:pe_image_reader.cc(302)] could not read dos header from C:\Windows\system32\cryptbase.dll
[0824/214330.298:ERROR:process_reader_win.cc(242)] ReadMemory at 0x13f3e0000 of 64 bytes failed: Only part of a ReadProcessMemory or WriteProcessMemory request was completed. (0x12B)
[0824/214330.298:WARNING:pe_image_reader.cc(302)] could not read dos header from C:\Program Files (x86)\Google\Chrome\Application\chrome.exe
[0824/214330.298:ERROR:process_reader_win.cc(242)] ReadMemory at 0x779b0000 of 64 bytes failed: Only part of a ReadProcessMemory or WriteProcessMemory request was completed. (0x12B)
[0824/214330.298:WARNING:pe_image_reader.cc(302)] could not read dos header from C:\Windows\SYSTEM32\ntdll.dll
[0824/214330.298:ERROR:process_reader_win.cc(242)] ReadMemory at 0x7fef53a0000 of 64 bytes failed: Only part of a ReadProcessMemory or WriteProcessMemory request was completed. (0x12B)
[0824/214330.298:WARNING:pe_image_reader.cc(302)] could not read dos header from C:\Program Files\AVAST Software\Avast\x64\aswhooka.dll
[0824/214330.298:ERROR:process_reader_win.cc(242)] ReadMemory at 0x7fef6a70000 of 64 bytes failed: Only part of a ReadProcessMemory or WriteProcessMemory request was completed. (0x12B)
[0824/214330.298:WARNING:pe_image_reader.cc(302)] could not read dos header from C:\Program Files\AVAST Software\Avast\snxhk64.dll
[0824/214330.298:ERROR:process_reader_win.cc(242)] ReadMemory at 0x77890000 of 64 bytes failed: Only part of a ReadProcessMemory or WriteProcessMemory request was completed. (0x12B)
[0824/214330.298:WARNING:pe_image_reader.cc(302)] could not read dos header from C:\Windows\system32\KERNEL32.dll
[0824/214330.298:ERROR:process_reader_win.cc(242)] ReadMemory at 0x7fefd9c0000 of 64 bytes failed: Only part of a ReadProcessMemory or WriteProcessMemory request was completed. (0x12B)
[0824/214330.298:WARNING:pe_image_reader.cc(302)] could not read dos header from C:\Windows\system32\KERNELBASE.dll
[0824/214330.298:ERROR:process_reader_win.cc(242)] ReadMemory at 0x7fef69d0000 of 64 bytes failed: Only part of a ReadProcessMemory or WriteProcessMemory request was completed. (0x12B)
[0824/214330.298:WARNING:pe_image_reader.cc(302)] could not read dos header from C:\Program Files (x86)\Google\Chrome\Application\68.0.3440.106\chrome_elf.dll
[0824/214330.298:ERROR:process_reader_win.cc(242)] ReadMemory at 0x7fefca80000 of 64 bytes failed: Only part of a ReadProcessMemory or WriteProcessMemory request was completed. (0x12B)
[0824/214330.298:WARNING:pe_image_reader.cc(302)] could not read dos header from C:\Windows\system32\VERSION.dll
[0824/214330.298:ERROR:process_reader_win.cc(242)] ReadMemory at 0x7fefe190000 of 64 bytes failed: Only part of a ReadProcessMemory or WriteProcessMemory request was completed. (0x12B)
[0824/214330.298:WARNING:pe_image_reader.cc(302)] could not read dos header from C:\Windows\system32\msvcrt.dll
[0824/214330.298:ERROR:process_reader_win.cc(242)] ReadMemory at 0x7fefe3b0000 of 64 bytes failed: Only part of a ReadProcessMemory or WriteProcessMemory request was completed. (0x12B)
[0824/214330.298:WARNING:pe_image_reader.cc(302)] could not read dos header from C:\Windows\system32\SHELL32.dll
[0824/214330.298:ERROR:process_reader_win.cc(242)] ReadMemory at 0x7feff660000 of 64 bytes failed: Only part of a ReadProcessMemory or WriteProcessMemory request was completed. (0x12B)
[0824/214330.298:WARNING:pe_image_reader.cc(302)] could not read dos header from C:\Windows\system32\SHLWAPI.dll
[0824/214330.298:ERROR:process_reader_win.cc(242)] ReadMemory at 0x7feffc20000 of 64 bytes failed: Only part of a ReadProcessMemory or WriteProcessMemory request was completed. (0x12B)
[0824/214330.298:WARNING:pe_image_reader.cc(302)] could not read dos header from C:\Windows\system32\GDI32.dll
[0824/214330.298:ERROR:process_reader_win.cc(242)] ReadMemory at 0x77790000 of 64 bytes failed: Only part of a ReadProcessMemory or WriteProcessMemory request was completed. (0x12B)
[0824/214330.298:WARNING:pe_image_reader.cc(302)] could not read dos header from C:\Windows\system32\USER32.dll
[0824/214330.298:ERROR:process_reader_win.cc(242)] ReadMemory at 0x7feffc10000 of 64 bytes failed: Only part of a ReadProcessMemory or WriteProcessMemory request was completed. (0x12B)
[0824/214330.298:WARNING:pe_image_reader.cc(302)] could not read dos header from C:\Windows\system32\LPK.dll
[0824/214330.298:ERROR:process_reader_win.cc(242)] ReadMemory at 0x7feff300000 of 64 bytes failed: Only part of a ReadProcessMemory or WriteProcessMemory request was completed. (0x12B)
[0824/214330.298:WARNING:pe_image_reader.cc(302)] could not read dos header from C:\Windows\system32\USP10.dll
[0824/214330.298:ERROR:process_reader_win.cc(242)] ReadMemory at 0x7feff140000 of 64 bytes failed: Only part of a ReadProcessMemory or WriteProcessMemory request was completed. (0x12B)
[0824/214330.298:WARNING:pe_image_reader.cc(302)] could not read dos header from C:\Windows\system32\ADVAPI32.dll
[0824/214330.298:ERROR:process_reader_win.cc(242)] ReadMemory at 0x7feff6e0000 of 64 bytes failed: Only part of a ReadProcessMemory or WriteProcessMemory request was completed. (0x12B)
[0824/214330.298:WARNING:pe_image_reader.cc(302)] could not read dos header from C:\Windows\SYSTEM32\sechost.dll
[0824/214330.298:ERROR:process_reader_win.cc(242)] ReadMemory at 0x7fefe060000 of 64 bytes failed: Only part of a ReadProcessMemory or WriteProcessMemory request was completed. (0x12B)
[0824/214330.298:WARNING:pe_image_reader.cc(302)] could not read dos header from C:\Windows\system32\RPCRT4.dll
[0824/214330.298:ERROR:process_reader_win.cc(242)] ReadMemory at 0x7fefb7f0000 of 64 bytes failed: Only part of a ReadProcessMemory or WriteProcessMemory request was completed. (0x12B)
[0824/214330.298:WARNING:pe_image_reader.cc(302)] could not read dos header from C:\Windows\system32\WINMM.dll
[0824/214330.298:ERROR:process_reader_win.cc(242)] ReadMemory at 0x7fefcc60000 of 64 bytes failed: Only part of a ReadProcessMemory or WriteProcessMemory request was completed. (0x12B)
[0824/214330.298:WARNING:pe_image_reader.cc(302)] could not read dos header from C:\Windows\system32\USERENV.dll
[0824/214330.298:ERROR:process_reader_win.cc(242)] ReadMemory at 0x7fefd910000 of 64 bytes failed: Only part of a ReadProcessMemory or WriteProcessMemory request was completed. (0x12B)
[0824/214330.298:WARNING:pe_image_reader.cc(302)] could not read dos header from C:\Windows\system32\profapi.dll
[0824/214330.298:ERROR:process_reader_win.cc(242)] ReadMemory at 0x77b80000 of 64 bytes failed: Only part of a ReadProcessMemory or WriteProcessMemory request was completed. (0x12B)
[0824/214330.298:WARNING:pe_image_reader.cc(302)] could not read dos header from C:\Windows\system32\PSAPI.DLL
[0824/214330.298:ERROR:process_reader_win.cc(242)] ReadMemory at 0x7fef9320000 of 64 bytes failed: Only part of a ReadProcessMemory or WriteProcessMemory request was completed. (0x12B)
[0824/214330.298:WARNING:pe_image_reader.cc(302)] could not read dos header from C:\Windows\system32\WINHTTP.dll
[0824/214330.298:ERROR:process_reader_win.cc(242)] ReadMemory at 0x7fef92b0000 of 64 bytes failed: Only part of a ReadProcessMemory or WriteProcessMemory request was completed. (0x12B)
[0824/214330.298:WARNING:pe_image_reader.cc(302)] could not read dos header from C:\Windows\system32\webio.dll
[0824/214330.298:ERROR:process_reader_win.cc(242)] ReadMemory at 0x7feffc90000 of 64 bytes failed: Only part of a ReadProcessMemory or WriteProcessMemory request was completed. (0x12B)
[0824/214330.298:WARNING:pe_image_reader.cc(302)] could not read dos header from C:\Windows\system32\IMM32.DLL
[0824/214330.298:ERROR:process_reader_win.cc(242)] ReadMemory at 0x7fefdd80000 of 64 bytes failed: Only part of a ReadProcessMemory or WriteProcessMemory request was completed. (0x12B)
[0824/214330.298:WARNING:pe_image_reader.cc(302)] could not read dos header from C:\Windows\system32\MSCTF.dll
[0824/214330.298:ERROR:process_reader_win.cc(242)] ReadMemory at 0x7fee0170000 of 64 bytes failed: Only part of a ReadProcessMemory or WriteProcessMemory request was completed. (0x12B)
[0824/214330.298:WARNING:pe_image_reader.cc(302)] could not read dos header from C:\Program Files (x86)\Google\Chrome\Application\68.0.3440.106\chrome_child.dll
[0824/214330.298:ERROR:process_reader_win.cc(242)] ReadMemory at 0x7feffa00000 of 64 bytes failed: Only part of a ReadProcessMemory or WriteProcessMemory request was completed. (0x12B)
[0824/214330.298:WARNING:pe_image_reader.cc(302)] could not read dos header from C:\Windows\system32\ole32.dll
[0824/214330.298:ERROR:process_reader_win.cc(242)] ReadMemory at 0x7fef6bc0000 of 64 bytes failed: Only part of a ReadProcessMemory or WriteProcessMemory request was completed. (0x12B)
[0824/214330.298:WARNING:pe_image_reader.cc(302)] could not read dos header from C:\Windows\system32\msdmo.dll
[0824/214330.298:ERROR:process_reader_win.cc(242)] ReadMemory at 0x7feff610000 of 64 bytes failed: Only part of a ReadProcessMemory or WriteProcessMemory request was completed. (0x12B)
[0824/214330.298:WARNING:pe_image_reader.cc(302)] could not read dos header from C:\Windows\system32\WS2_32.dll
[0824/214330.298:ERROR:process_reader_win.cc(242)] ReadMemory at 0x7feff420000 of 64 bytes failed: Only part of a ReadProcessMemory or WriteProcessMemory request was completed. (0x12B)
[0824/214330.298:WARNING:pe_image_reader.cc(302)] could not read dos header from C:\Windows\system32\NSI.dll
[0824/214330.298:ERROR:process_reader_win.cc(242)] ReadMemory at 0x7feff220000 of 64 bytes failed: Only part of a ReadProcessMemory or WriteProcessMemory request was completed. (0x12B)
[0824/214330.298:WARNING:pe_image_reader.cc(302)] could not read dos header from C:\Windows\system32\OLEAUT32.dll
[0824/214330.298:ERROR:process_reader_win.cc(242)] ReadMemory at 0x7fefda30000 of 64 bytes failed: Only part of a ReadProcessMemory or WriteProcessMemory request was completed. (0x12B)
[0824/214330.298:WARNING:pe_image_reader.cc(302)] could not read dos header from C:\Windows\system32\WINTRUST.dll
[0824/214330.298:ERROR:process_reader_win.cc(242)] ReadMemory at 0x7fefda90000 of 64 bytes failed: Only part of a ReadProcessMemory or WriteProcessMemory request was completed. (0x12B)
[0824/214330.298:WARNING:pe_image_reader.cc(302)] could not read dos header from C:\Windows\system32\CRYPT32.dll
[0824/214330.298:ERROR:process_reader_win.cc(242)] ReadMemory at 0x7fefd9b0000 of 64 bytes failed: Only part of a ReadProcessMemory or WriteProcessMemory request was completed. (0x12B)
[0824/214330.298:WARNING:pe_image_reader.cc(302)] could not read dos header from C:\Windows\system32\MSASN1.dll
[0824/214330.298:ERROR:process_reader_win.cc(242)] ReadMemory at 0x7fefdfc0000 of 64 bytes failed: Only part of a ReadProcessMemory or WriteProcessMemory request was completed. (0x12B)
[0824/214330.298:WARNING:pe_image_reader.cc(302)] could not read dos header from C:\Windows\system32\COMDLG32.dll
[0824/214330.298:ERROR:process_reader_win.cc(242)] ReadMemory at 0x7fefc3f0000 of 64 bytes failed: Only part of a ReadProcessMemory or WriteProcessMemory request was completed. (0x12B)
[0824/214330.298:WARNING:pe_image_reader.cc(302)] could not read dos header from C:\Windows\WinSxS\amd64_microsoft.windows.common-controls_6595b64144ccf1df_6.0.7600.16385_none_fa645303170382f6\COMCTL32.dll
[0824/214330.298:ERROR:process_reader_win.cc(242)] ReadMemory at 0x7fefae80000 of 64 bytes failed: Only part of a ReadProcessMemory or WriteProcessMemory request was completed. (0x12B)
[0824/214330.298:WARNING:pe_image_reader.cc(302)] could not read dos header from C:\Windows\system32\IPHLPAPI.DLL
[0824/214330.298:ERROR:process_reader_win.cc(242)] ReadMemory at 0x7fefae60000 of 64 bytes failed: Only part of a ReadProcessMemory or WriteProcessMemory request was completed. (0x12B)
[0824/214330.298:WARNING:pe_image_reader.cc(302)] could not read dos header from C:\Windows\system32\WINNSI.DLL
[0824/214330.298:ERROR:process_reader_win.cc(242)] ReadMemory at 0x7fee4d30000 of 64 bytes failed: Only part of a ReadProcessMemory or WriteProcessMemory request was completed. (0x12B)
[0824/214330.298:WARNING:pe_image_reader.cc(302)] could not read dos header from C:\Windows\system32\DWrite.dll
[0824/214330.298:ERROR:process_reader_win.cc(242)] ReadMemory at 0x7fef7c00000 of 64 bytes failed: Only part of a ReadProcessMemory or WriteProcessMemory request was completed. (0x12B)
[0824/214330.298:WARNING:pe_image_reader.cc(302)] could not read dos header from C:\Windows\system32\WINSPOOL.DRV
[0824/214330.298:ERROR:process_reader_win.cc(242)] ReadMemory at 0x7fef62e0000 of 64 bytes failed: Only part of a ReadProcessMemory or WriteProcessMemory request was completed. (0x12B)
[0824/214330.298:WARNING:pe_image_reader.cc(302)] could not read dos header from C:\Windows\system32\dbghelp.dll
[0824/214330.298:ERROR:process_reader_win.cc(242)] ReadMemory at 0x7fef3740000 of 64 bytes failed: Only part of a ReadProcessMemory or WriteProcessMemory request was completed. (0x12B)
[0824/214330.298:WARNING:pe_image_reader.cc(302)] could not read dos header from C:\Windows\system32\dxgi.dll
[0824/214330.298:ERROR:process_reader_win.cc(242)] ReadMemory at 0x7fefbcd0000 of 64 bytes failed: Only part of a ReadProcessMemory or WriteProcessMemory request was completed. (0x12B)
[0824/214330.298:WARNING:pe_image_reader.cc(302)] could not read dos header from C:\Windows\system32\dwmapi.dll
[0824/214330.298:ERROR:process_reader_win.cc(242)] ReadMemory at 0x7fefe230000 of 64 bytes failed: Only part of a ReadProcessMemory or WriteProcessMemory request was completed. (0x12B)
[0824/214330.298:WARNING:pe_image_reader.cc(302)] could not read dos header from C:\Windows\system32\urlmon.dll
[0824/214330.298:ERROR:process_reader_win.cc(242)] ReadMemory at 0x7feff7a0000 of 64 bytes failed: Only part of a ReadProcessMemory or WriteProcessMemory request was completed. (0x12B)
[0824/214330.298:WARNING:pe_image_reader.cc(302)] could not read dos header from C:\Windows\system32\iertutil.dll
[0824/214330.298:ERROR:process_reader_win.cc(242)] ReadMemory at 0x7fefd540000 of 64 bytes failed: Only part of a ReadProcessMemory or WriteProcessMemory request was completed. (0x12B)
[0824/214330.298:WARNING:pe_image_reader.cc(302)] could not read dos header from C:\Windows\system32\Secur32.dll
[0824/214330.298:ERROR:process_reader_win.cc(242)] ReadMemory at 0x7fefd630000 of 64 bytes failed: Only part of a ReadProcessMemory or WriteProcessMemory request was completed. (0x12B)
[0824/214330.298:WARNING:pe_image_reader.cc(302)] could not read dos header from C:\Windows\system32\SSPICLI.DLL
[0824/214330.298:ERROR:process_reader_win.cc(242)] ReadMemory at 0x7fefac70000 of 64 bytes failed: Only part of a ReadProcessMemory or WriteProcessMemory request was completed. (0x12B)
[0824/214330.298:WARNING:pe_image_reader.cc(302)] could not read dos header from C:\Windows\system32\dhcpcsvc.DLL
[0824/214330.298:ERROR:process_reader_win.cc(242)] ReadMemory at 0x7fefd840000 of 64 bytes failed: Only part of a ReadProcessMemory or WriteProcessMemory request was completed. (0x12B)
[0824/214330.298:WARNING:pe_image_reader.cc(302)] could not read dos header from C:\Windows\system32\cryptbase.dll
[0824/214330.438:ERROR:process_reader_win.cc(242)] ReadMemory at 0x22e000 of 73728 bytes failed: Only part of a ReadProcessMemory or WriteProcessMemory request was completed. (0x12B)
[0824/214330.438:ERROR:crash_report_exception_handler.cc(111)] WriteEverything failed
[0824/214330.485:ERROR:filesystem_win.cc(148)] DeleteFile C:\Users\sam\AppData\Local\Google\Chrome\User Data\Crashpad\reports\471a665d-fe56-4d7e-a31b-1dfc5d23d28c.dmp: The process cannot access the file because it is being used by another process. (0x20)
[0824/214330.485:ERROR:scoped_process_suspend.cc(40)] NtResumeProcess: An attempt was made to access an exiting process. (0xc000010a)
